2023-07-26 08:12:23 - Neovide panicked with the message 'Focus Lost Failed: DecodeError(ReaderError(Custom { kind: UnexpectedEof, error: "EOF" }), "nvim_command")'. (File: src\bridge\ui_commands.rs; Line: 143, Column: 18)
   0: <unknown>
   1: <unknown>
   2: <unknown>
   3: <unknown>
   4: <unknown>
   5: <unknown>
   6: <unknown>
   7: <unknown>
   8: <unknown>
   9: <unknown>
  10: <unknown>
  11: <unknown>
  12: <unknown>
  13: <unknown>
  14: <unknown>
  15: <unknown>
  16: BaseThreadInitThunk
  17: RtlUserThreadStart



2023-07-26 08:12:23 - Neovide panicked with the message 'Could not setup setting notifier for floating_blur: Error sending request 'nvim_command''. (File: src\error_handling.rs; Line: 5, Column: 5)
   0: <unknown>
   1: <unknown>
   2: <unknown>
   3: <unknown>
   4: <unknown>
   5: <unknown>
   6: <unknown>
   7: <unknown>
   8: <unknown>
   9: <unknown>
  10: <unknown>
  11: <unknown>
  12: <unknown>
  13: <unknown>
  14: <unknown>
  15: BaseThreadInitThunk
  16: RtlUserThreadStart

2023-07-26 08:12:23 - Neovide panicked with the message 'Focus Lost Failed: DecodeError(ReaderError(Custom { kind: UnexpectedEof, error: "EOF" }), "nvim_command")'. (File: src\bridge\ui_commands.rs; Line: 143, Column: 18)
   0: <unknown>
   1: <unknown>
   2: <unknown>
   3: <unknown>
   4: <unknown>
   5: <unknown>
   6: <unknown>
   7: <unknown>
   8: <unknown>
   9: <unknown>
  10: <unknown>
  11: <unknown>
  12: <unknown>
  13: <unknown>
  14: <unknown>
  15: <unknown>
  16: BaseThreadInitThunk
  17: RtlUserThreadStart

2023-07-26 09:27:38 - Neovide panicked with the message 'Mouse Input Failed: DecodeError(ReaderError(Custom { kind: UnexpectedEof, error: "EOF" }), "nvim_input_mouse")'. (File: src\bridge\ui_commands.rs; Line: 69, Column: 18)
   0: <unknown>
   1: <unknown>
   2: <unknown>
   3: <unknown>
   4: <unknown>
   5: <unknown>
   6: <unknown>
   7: <unknown>
   8: <unknown>
   9: <unknown>
  10: <unknown>
  11: <unknown>
  12: <unknown>
  13: <unknown>
  14: <unknown>
  15: BaseThreadInitThunk
  16: RtlUserThreadStart

2023-07-26 09:27:38 - Neovide panicked with the message 'Could not setup setting notifier for hide_mouse_when_typing: Error sending request 'nvim_command''. (File: src\error_handling.rs; Line: 5, Column: 5)
   0: <unknown>
   1: <unknown>
   2: <unknown>
   3: <unknown>
   4: <unknown>
   5: <unknown>
   6: <unknown>
   7: <unknown>
   8: <unknown>
   9: <unknown>
  10: <unknown>
  11: <unknown>
  12: <unknown>
  13: <unknown>
  14: <unknown>
  15: BaseThreadInitThunk
  16: RtlUserThreadStart

